<?xml version="1.0" encoding="UTF-8"?>
<testng-results ignored="0" total="20" passed="20" failed="0" skipped="0">
  <reporter-output>
  </reporter-output>
  <suite started-at="2019-09-23T20:33:40Z" name="book-flight-module" finished-at="2019-09-23T20:34:01Z" duration-ms="20747">
    <groups>
    </groups>
    <test started-at="2019-09-23T20:33:40Z" name="book-flight-1" finished-at="2019-09-23T20:33:46Z" duration-ms="5747">
      <class name="com.newtours.tests.BookFlightTest">
        <test-method is-config="true" signature="setupDriver(org.testng.ITestContext)[pri:0, instance:com.newtours.tests.BookFlightTest@6ef888f6]" started-at="2019-09-23T20:33:40Z" name="setupDriver" finished-at="2019-09-23T20:33:42Z" duration-ms="1373" status="PASS">
          <params>
            <param index="0">
              <value>
                <![CDATA[org.testng.TestRunner@2788d0fe]]>
              </value>
            </param>
          </params>
          <reporter-output>
          </reporter-output>
        </test-method> <!-- setupDriver -->
        <test-method is-config="true" signature="setupParameters(java.lang.String, java.lang.String)[pri:0, instance:com.newtours.tests.BookFlightTest@6ef888f6]" started-at="2019-09-23T20:33:42Z" name="setupParameters" finished-at="2019-09-23T20:33:42Z" depends-on-methods="com.tests.BaseTest.setupDriver" duration-ms="1" status="PASS">
          <params>
            <param index="0">
              <value>
                <![CDATA[1]]>
              </value>
            </param>
            <param index="1">
              <value>
                <![CDATA[$584 USD]]>
              </value>
            </param>
          </params>
          <reporter-output>
          </reporter-output>
        </test-method> <!-- setupParameters -->
        <test-method signature="registrationPage()[pri:0, instance:com.newtours.tests.BookFlightTest@6ef888f6]" started-at="2019-09-23T20:33:42Z" name="registrationPage" finished-at="2019-09-23T20:33:44Z" duration-ms="1804" status="PASS">
          <reporter-output>
          </reporter-output>
        </test-method> <!-- registrationPage -->
        <test-method signature="registrationConfirmationPage()[pri:0, instance:com.newtours.tests.BookFlightTest@6ef888f6]" started-at="2019-09-23T20:33:44Z" name="registrationConfirmationPage" finished-at="2019-09-23T20:33:44Z" depends-on-methods="com.newtours.tests.BookFlightTest.registrationPage" duration-ms="389" status="PASS">
          <reporter-output>
          </reporter-output>
        </test-method> <!-- registrationConfirmationPage -->
        <test-method signature="flightDetailsPage()[pri:0, instance:com.newtours.tests.BookFlightTest@6ef888f6]" started-at="2019-09-23T20:33:44Z" name="flightDetailsPage" finished-at="2019-09-23T20:33:45Z" depends-on-methods="com.newtours.tests.BookFlightTest.registrationConfirmationPage" duration-ms="596" status="PASS">
          <reporter-output>
          </reporter-output>
        </test-method> <!-- flightDetailsPage -->
        <test-method signature="findFlightPage()[pri:0, instance:com.newtours.tests.BookFlightTest@6ef888f6]" started-at="2019-09-23T20:33:45Z" name="findFlightPage" finished-at="2019-09-23T20:33:45Z" depends-on-methods="com.newtours.tests.BookFlightTest.flightDetailsPage" duration-ms="865" status="PASS">
          <reporter-output>
          </reporter-output>
        </test-method> <!-- findFlightPage -->
        <test-method signature="flightConfirmationPage()[pri:0, instance:com.newtours.tests.BookFlightTest@6ef888f6]" started-at="2019-09-23T20:33:45Z" name="flightConfirmationPage" finished-at="2019-09-23T20:33:46Z" depends-on-methods="com.newtours.tests.BookFlightTest.findFlightPage" duration-ms="639" status="PASS">
          <reporter-output>
          </reporter-output>
        </test-method> <!-- flightConfirmationPage -->
        <test-method is-config="true" signature="quitDriver()[pri:0, instance:com.newtours.tests.BookFlightTest@6ef888f6]" started-at="2019-09-23T20:33:46Z" name="quitDriver" finished-at="2019-09-23T20:33:46Z" duration-ms="61" status="PASS">
          <reporter-output>
          </reporter-output>
        </test-method> <!-- quitDriver -->
      </class> <!-- com.newtours.tests.BookFlightTest -->
    </test> <!-- book-flight-1 -->
    <test started-at="2019-09-23T20:33:46Z" name="book-flight-2" finished-at="2019-09-23T20:33:51Z" duration-ms="4971">
      <class name="com.newtours.tests.BookFlightTest">
        <test-method is-config="true" signature="setupDriver(org.testng.ITestContext)[pri:0, instance:com.newtours.tests.BookFlightTest@4b0b0854]" started-at="2019-09-23T20:33:46Z" name="setupDriver" finished-at="2019-09-23T20:33:47Z" duration-ms="689" status="PASS">
          <params>
            <param index="0">
              <value>
                <![CDATA[org.testng.TestRunner@65ae095c]]>
              </value>
            </param>
          </params>
          <reporter-output>
          </reporter-output>
        </test-method> <!-- setupDriver -->
        <test-method signature="registrationPage()[pri:0, instance:com.newtours.tests.BookFlightTest@4b0b0854]" started-at="2019-09-23T20:33:47Z" name="registrationPage" finished-at="2019-09-23T20:33:49Z" duration-ms="1772" status="PASS">
          <reporter-output>
          </reporter-output>
        </test-method> <!-- registrationPage -->
        <test-method is-config="true" signature="setupParameters(java.lang.String, java.lang.String)[pri:0, instance:com.newtours.tests.BookFlightTest@4b0b0854]" started-at="2019-09-23T20:33:47Z" name="setupParameters" finished-at="2019-09-23T20:33:47Z" depends-on-methods="com.tests.BaseTest.setupDriver" duration-ms="0" status="PASS">
          <params>
            <param index="0">
              <value>
                <![CDATA[2]]>
              </value>
            </param>
            <param index="1">
              <value>
                <![CDATA[$1169 USD]]>
              </value>
            </param>
          </params>
          <reporter-output>
          </reporter-output>
        </test-method> <!-- setupParameters -->
        <test-method signature="registrationConfirmationPage()[pri:0, instance:com.newtours.tests.BookFlightTest@4b0b0854]" started-at="2019-09-23T20:33:49Z" name="registrationConfirmationPage" finished-at="2019-09-23T20:33:49Z" depends-on-methods="com.newtours.tests.BookFlightTest.registrationPage" duration-ms="378" status="PASS">
          <reporter-output>
          </reporter-output>
        </test-method> <!-- registrationConfirmationPage -->
        <test-method signature="flightDetailsPage()[pri:0, instance:com.newtours.tests.BookFlightTest@4b0b0854]" started-at="2019-09-23T20:33:49Z" name="flightDetailsPage" finished-at="2019-09-23T20:33:50Z" depends-on-methods="com.newtours.tests.BookFlightTest.registrationConfirmationPage" duration-ms="586" status="PASS">
          <reporter-output>
          </reporter-output>
        </test-method> <!-- flightDetailsPage -->
        <test-method signature="findFlightPage()[pri:0, instance:com.newtours.tests.BookFlightTest@4b0b0854]" started-at="2019-09-23T20:33:50Z" name="findFlightPage" finished-at="2019-09-23T20:33:50Z" depends-on-methods="com.newtours.tests.BookFlightTest.flightDetailsPage" duration-ms="847" status="PASS">
          <reporter-output>
          </reporter-output>
        </test-method> <!-- findFlightPage -->
        <test-method signature="flightConfirmationPage()[pri:0, instance:com.newtours.tests.BookFlightTest@4b0b0854]" started-at="2019-09-23T20:33:50Z" name="flightConfirmationPage" finished-at="2019-09-23T20:33:51Z" depends-on-methods="com.newtours.tests.BookFlightTest.findFlightPage" duration-ms="629" status="PASS">
          <reporter-output>
          </reporter-output>
        </test-method> <!-- flightConfirmationPage -->
        <test-method is-config="true" signature="quitDriver()[pri:0, instance:com.newtours.tests.BookFlightTest@4b0b0854]" started-at="2019-09-23T20:33:51Z" name="quitDriver" finished-at="2019-09-23T20:33:51Z" duration-ms="67" status="PASS">
          <reporter-output>
          </reporter-output>
        </test-method> <!-- quitDriver -->
      </class> <!-- com.newtours.tests.BookFlightTest -->
    </test> <!-- book-flight-2 -->
    <test started-at="2019-09-23T20:33:51Z" name="book-flight-3" finished-at="2019-09-23T20:33:56Z" duration-ms="5001">
      <class name="com.newtours.tests.BookFlightTest">
        <test-method is-config="true" signature="setupDriver(org.testng.ITestContext)[pri:0, instance:com.newtours.tests.BookFlightTest@64cd705f]" started-at="2019-09-23T20:33:51Z" name="setupDriver" finished-at="2019-09-23T20:33:52Z" duration-ms="722" status="PASS">
          <params>
            <param index="0">
              <value>
                <![CDATA[org.testng.TestRunner@4c03a37]]>
              </value>
            </param>
          </params>
          <reporter-output>
          </reporter-output>
        </test-method> <!-- setupDriver -->
        <test-method is-config="true" signature="setupParameters(java.lang.String, java.lang.String)[pri:0, instance:com.newtours.tests.BookFlightTest@64cd705f]" started-at="2019-09-23T20:33:52Z" name="setupParameters" finished-at="2019-09-23T20:33:52Z" depends-on-methods="com.tests.BaseTest.setupDriver" duration-ms="0" status="PASS">
          <params>
            <param index="0">
              <value>
                <![CDATA[3]]>
              </value>
            </param>
            <param index="1">
              <value>
                <![CDATA[$1753 USD]]>
              </value>
            </param>
          </params>
          <reporter-output>
          </reporter-output>
        </test-method> <!-- setupParameters -->
        <test-method signature="registrationPage()[pri:0, instance:com.newtours.tests.BookFlightTest@64cd705f]" started-at="2019-09-23T20:33:52Z" name="registrationPage" finished-at="2019-09-23T20:33:54Z" duration-ms="1831" status="PASS">
          <reporter-output>
          </reporter-output>
        </test-method> <!-- registrationPage -->
        <test-method signature="registrationConfirmationPage()[pri:0, instance:com.newtours.tests.BookFlightTest@64cd705f]" started-at="2019-09-23T20:33:54Z" name="registrationConfirmationPage" finished-at="2019-09-23T20:33:54Z" depends-on-methods="com.newtours.tests.BookFlightTest.registrationPage" duration-ms="355" status="PASS">
          <reporter-output>
          </reporter-output>
        </test-method> <!-- registrationConfirmationPage -->
        <test-method signature="flightDetailsPage()[pri:0, instance:com.newtours.tests.BookFlightTest@64cd705f]" started-at="2019-09-23T20:33:54Z" name="flightDetailsPage" finished-at="2019-09-23T20:33:55Z" depends-on-methods="com.newtours.tests.BookFlightTest.registrationConfirmationPage" duration-ms="569" status="PASS">
          <reporter-output>
          </reporter-output>
        </test-method> <!-- flightDetailsPage -->
        <test-method signature="findFlightPage()[pri:0, instance:com.newtours.tests.BookFlightTest@64cd705f]" started-at="2019-09-23T20:33:55Z" name="findFlightPage" finished-at="2019-09-23T20:33:55Z" depends-on-methods="com.newtours.tests.BookFlightTest.flightDetailsPage" duration-ms="827" status="PASS">
          <reporter-output>
          </reporter-output>
        </test-method> <!-- findFlightPage -->
        <test-method signature="flightConfirmationPage()[pri:0, instance:com.newtours.tests.BookFlightTest@64cd705f]" started-at="2019-09-23T20:33:55Z" name="flightConfirmationPage" finished-at="2019-09-23T20:33:56Z" depends-on-methods="com.newtours.tests.BookFlightTest.findFlightPage" duration-ms="623" status="PASS">
          <reporter-output>
          </reporter-output>
        </test-method> <!-- flightConfirmationPage -->
        <test-method is-config="true" signature="quitDriver()[pri:0, instance:com.newtours.tests.BookFlightTest@64cd705f]" started-at="2019-09-23T20:33:56Z" name="quitDriver" finished-at="2019-09-23T20:33:56Z" duration-ms="71" status="PASS">
          <reporter-output>
          </reporter-output>
        </test-method> <!-- quitDriver -->
      </class> <!-- com.newtours.tests.BookFlightTest -->
    </test> <!-- book-flight-3 -->
    <test started-at="2019-09-23T20:33:56Z" name="book-flight-4" finished-at="2019-09-23T20:34:01Z" duration-ms="4962">
      <class name="com.newtours.tests.BookFlightTest">
        <test-method is-config="true" signature="setupDriver(org.testng.ITestContext)[pri:0, instance:com.newtours.tests.BookFlightTest@48ae9b55]" started-at="2019-09-23T20:33:56Z" name="setupDriver" finished-at="2019-09-23T20:33:57Z" duration-ms="713" status="PASS">
          <params>
            <param index="0">
              <value>
                <![CDATA[org.testng.TestRunner@2e140e59]]>
              </value>
            </param>
          </params>
          <reporter-output>
          </reporter-output>
        </test-method> <!-- setupDriver -->
        <test-method is-config="true" signature="setupParameters(java.lang.String, java.lang.String)[pri:0, instance:com.newtours.tests.BookFlightTest@48ae9b55]" started-at="2019-09-23T20:33:57Z" name="setupParameters" finished-at="2019-09-23T20:33:57Z" depends-on-methods="com.tests.BaseTest.setupDriver" duration-ms="0" status="PASS">
          <params>
            <param index="0">
              <value>
                <![CDATA[4]]>
              </value>
            </param>
            <param index="1">
              <value>
                <![CDATA[$2338 USD]]>
              </value>
            </param>
          </params>
          <reporter-output>
          </reporter-output>
        </test-method> <!-- setupParameters -->
        <test-method signature="registrationPage()[pri:0, instance:com.newtours.tests.BookFlightTest@48ae9b55]" started-at="2019-09-23T20:33:57Z" name="registrationPage" finished-at="2019-09-23T20:33:59Z" duration-ms="1778" status="PASS">
          <reporter-output>
          </reporter-output>
        </test-method> <!-- registrationPage -->
        <test-method signature="registrationConfirmationPage()[pri:0, instance:com.newtours.tests.BookFlightTest@48ae9b55]" started-at="2019-09-23T20:33:59Z" name="registrationConfirmationPage" finished-at="2019-09-23T20:33:59Z" depends-on-methods="com.newtours.tests.BookFlightTest.registrationPage" duration-ms="364" status="PASS">
          <reporter-output>
          </reporter-output>
        </test-method> <!-- registrationConfirmationPage -->
        <test-method signature="flightDetailsPage()[pri:0, instance:com.newtours.tests.BookFlightTest@48ae9b55]" started-at="2019-09-23T20:33:59Z" name="flightDetailsPage" finished-at="2019-09-23T20:34:00Z" depends-on-methods="com.newtours.tests.BookFlightTest.registrationConfirmationPage" duration-ms="556" status="PASS">
          <reporter-output>
          </reporter-output>
        </test-method> <!-- flightDetailsPage -->
        <test-method signature="findFlightPage()[pri:0, instance:com.newtours.tests.BookFlightTest@48ae9b55]" started-at="2019-09-23T20:34:00Z" name="findFlightPage" finished-at="2019-09-23T20:34:00Z" depends-on-methods="com.newtours.tests.BookFlightTest.flightDetailsPage" duration-ms="840" status="PASS">
          <reporter-output>
          </reporter-output>
        </test-method> <!-- findFlightPage -->
        <test-method signature="flightConfirmationPage()[pri:0, instance:com.newtours.tests.BookFlightTest@48ae9b55]" started-at="2019-09-23T20:34:00Z" name="flightConfirmationPage" finished-at="2019-09-23T20:34:01Z" depends-on-methods="com.newtours.tests.BookFlightTest.findFlightPage" duration-ms="646" status="PASS">
          <reporter-output>
          </reporter-output>
        </test-method> <!-- flightConfirmationPage -->
        <test-method is-config="true" signature="quitDriver()[pri:0, instance:com.newtours.tests.BookFlightTest@48ae9b55]" started-at="2019-09-23T20:34:01Z" name="quitDriver" finished-at="2019-09-23T20:34:01Z" duration-ms="64" status="PASS">
          <reporter-output>
          </reporter-output>
        </test-method> <!-- quitDriver -->
      </class> <!-- com.newtours.tests.BookFlightTest -->
    </test> <!-- book-flight-4 -->
  </suite> <!-- book-flight-module -->
</testng-results>
