<?xml version="1.0" encoding="UTF-8"?>
<!-- Generated by org.testng.reporters.JUnitXMLReporter -->
<testsuite ignored="0" hostname="DGB-C02VH08BH" failures="0" tests="5" name="book-flight-1" time="5.747" errors="0" timestamp="23 Sep 2019 20:33:46 GMT">
  <testcase classname="com.newtours.tests.BookFlightTest" name="registrationPage" time="1.804"/>
  <testcase classname="com.newtours.tests.BookFlightTest" name="registrationConfirmationPage" time="0.389"/>
  <testcase classname="com.newtours.tests.BookFlightTest" name="flightDetailsPage" time="0.596"/>
  <testcase classname="com.newtours.tests.BookFlightTest" name="findFlightPage" time="0.865"/>
  <testcase classname="com.newtours.tests.BookFlightTest" name="flightConfirmationPage" time="0.639"/>
</testsuite> <!-- book-flight-1 -->
