<?xml version="1.0" encoding="UTF-8"?>
<!-- Generated by org.testng.reporters.JUnitXMLReporter -->
<testsuite ignored="0" hostname="DGB-C02VH08BH" failures="0" tests="5" name="book-flight-3" time="5.001" errors="0" timestamp="23 Sep 2019 20:33:56 GMT">
  <testcase classname="com.newtours.tests.BookFlightTest" name="registrationPage" time="1.831"/>
  <testcase classname="com.newtours.tests.BookFlightTest" name="registrationConfirmationPage" time="0.355"/>
  <testcase classname="com.newtours.tests.BookFlightTest" name="flightDetailsPage" time="0.569"/>
  <testcase classname="com.newtours.tests.BookFlightTest" name="findFlightPage" time="0.827"/>
  <testcase classname="com.newtours.tests.BookFlightTest" name="flightConfirmationPage" time="0.623"/>
</testsuite> <!-- book-flight-3 -->
