<?xml version="1.0" encoding="UTF-8"?>
<!-- Generated by org.testng.reporters.JUnitXMLReporter -->
<testsuite ignored="0" hostname="DGB-C02VH08BH" failures="0" tests="5" name="book-flight-4" time="4.962" errors="0" timestamp="23 Sep 2019 20:34:01 GMT">
  <testcase classname="com.newtours.tests.BookFlightTest" name="registrationPage" time="1.778"/>
  <testcase classname="com.newtours.tests.BookFlightTest" name="registrationConfirmationPage" time="0.364"/>
  <testcase classname="com.newtours.tests.BookFlightTest" name="flightDetailsPage" time="0.556"/>
  <testcase classname="com.newtours.tests.BookFlightTest" name="findFlightPage" time="0.84"/>
  <testcase classname="com.newtours.tests.BookFlightTest" name="flightConfirmationPage" time="0.646"/>
</testsuite> <!-- book-flight-4 -->
